<?xml version="1.0" encoding="UTF-8"?>
<testsuite xmlns:xsi="http://www.w3.org/2001/XMLSchema-instance" xsi:noNamespaceSchemaLocation="https://maven.apache.org/surefire/maven-surefire-plugin/xsd/surefire-test-report-3.0.xsd" version="3.0" name="runnable_connection.TestRunnableCollection" time="0.022" tests="1" errors="0" skipped="0" failures="0">
  <properties>
    <property name="java.specification.version" value="22"/>
    <property name="sun.jnu.encoding" value="UTF-8"/>
    <property name="java.class.path" value="/home/robothg/Desktop/project_/project_Java/hello_java/welcome_java/target/test-classes:/home/robothg/Desktop/project_/project_Java/hello_java/welcome_java/target/classes:/home/robothg/.m2/repository/junit/junit/4.13.1/junit-4.13.1.jar:/home/robothg/.m2/repository/org/hamcrest/hamcrest-core/1.3/hamcrest-core-1.3.jar:/home/robothg/.m2/repository/org/junit/jupiter/junit-jupiter/5.11.0-M2/junit-jupiter-5.11.0-M2.jar:/home/robothg/.m2/repository/org/junit/jupiter/junit-jupiter-api/5.11.0-M2/junit-jupiter-api-5.11.0-M2.jar:/home/robothg/.m2/repository/org/opentest4j/opentest4j/1.3.0/opentest4j-1.3.0.jar:/home/robothg/.m2/repository/org/junit/platform/junit-platform-commons/1.11.0-M2/junit-platform-commons-1.11.0-M2.jar:/home/robothg/.m2/repository/org/apiguardian/apiguardian-api/1.1.2/apiguardian-api-1.1.2.jar:/home/robothg/.m2/repository/org/junit/jupiter/junit-jupiter-params/5.11.0-M2/junit-jupiter-params-5.11.0-M2.jar:/home/robothg/.m2/repository/org/junit/jupiter/junit-jupiter-engine/5.11.0-M2/junit-jupiter-engine-5.11.0-M2.jar:/home/robothg/.m2/repository/org/junit/platform/junit-platform-engine/1.11.0-M2/junit-platform-engine-1.11.0-M2.jar:"/>
    <property name="java.vm.vendor" value="Oracle Corporation"/>
    <property name="sun.arch.data.model" value="64"/>
    <property name="java.vendor.url" value="https://java.oracle.com/"/>
    <property name="user.timezone" value="Europe/Berlin"/>
    <property name="os.name" value="Linux"/>
    <property name="java.vm.specification.version" value="22"/>
    <property name="sun.java.launcher" value="SUN_STANDARD"/>
    <property name="user.country" value="US"/>
    <property name="sun.boot.library.path" value="/usr/lib/jvm/jdk-22.0.2-oracle-x64/lib"/>
    <property name="sun.java.command" value="/home/robothg/Desktop/project_/project_Java/hello_java/welcome_java/target/surefire/surefirebooter-20240731194210097_3.jar /home/robothg/Desktop/project_/project_Java/hello_java/welcome_java/target/surefire 2024-07-31T19-42-09_762-jvmRun1 surefire-20240731194210097_1tmp surefire_0-20240731194210097_2tmp"/>
    <property name="jdk.debug" value="release"/>
    <property name="surefire.test.class.path" value="/home/robothg/Desktop/project_/project_Java/hello_java/welcome_java/target/test-classes:/home/robothg/Desktop/project_/project_Java/hello_java/welcome_java/target/classes:/home/robothg/.m2/repository/junit/junit/4.13.1/junit-4.13.1.jar:/home/robothg/.m2/repository/org/hamcrest/hamcrest-core/1.3/hamcrest-core-1.3.jar:/home/robothg/.m2/repository/org/junit/jupiter/junit-jupiter/5.11.0-M2/junit-jupiter-5.11.0-M2.jar:/home/robothg/.m2/repository/org/junit/jupiter/junit-jupiter-api/5.11.0-M2/junit-jupiter-api-5.11.0-M2.jar:/home/robothg/.m2/repository/org/opentest4j/opentest4j/1.3.0/opentest4j-1.3.0.jar:/home/robothg/.m2/repository/org/junit/platform/junit-platform-commons/1.11.0-M2/junit-platform-commons-1.11.0-M2.jar:/home/robothg/.m2/repository/org/apiguardian/apiguardian-api/1.1.2/apiguardian-api-1.1.2.jar:/home/robothg/.m2/repository/org/junit/jupiter/junit-jupiter-params/5.11.0-M2/junit-jupiter-params-5.11.0-M2.jar:/home/robothg/.m2/repository/org/junit/jupiter/junit-jupiter-engine/5.11.0-M2/junit-jupiter-engine-5.11.0-M2.jar:/home/robothg/.m2/repository/org/junit/platform/junit-platform-engine/1.11.0-M2/junit-platform-engine-1.11.0-M2.jar:"/>
    <property name="sun.cpu.endian" value="little"/>
    <property name="user.home" value="/home/robothg"/>
    <property name="user.language" value="en"/>
    <property name="java.specification.vendor" value="Oracle Corporation"/>
    <property name="java.version.date" value="2024-07-16"/>
    <property name="java.home" value="/usr/lib/jvm/jdk-22.0.2-oracle-x64"/>
    <property name="file.separator" value="/"/>
    <property name="basedir" value="/home/robothg/Desktop/project_/project_Java/hello_java/welcome_java"/>
    <property name="java.vm.compressedOopsMode" value="32-bit"/>
    <property name="line.separator" value="&#10;"/>
    <property name="java.specification.name" value="Java Platform API Specification"/>
    <property name="java.vm.specification.vendor" value="Oracle Corporation"/>
    <property name="surefire.real.class.path" value="/home/robothg/Desktop/project_/project_Java/hello_java/welcome_java/target/surefire/surefirebooter-20240731194210097_3.jar"/>
    <property name="sun.management.compiler" value="HotSpot 64-Bit Tiered Compilers"/>
    <property name="java.runtime.version" value="22.0.2+9-70"/>
    <property name="user.name" value="robothg"/>
    <property name="stdout.encoding" value="UTF-8"/>
    <property name="path.separator" value=":"/>
    <property name="os.version" value="6.8.0-39-generic"/>
    <property name="java.runtime.name" value="Java(TM) SE Runtime Environment"/>
    <property name="file.encoding" value="UTF-8"/>
    <property name="java.vm.name" value="Java HotSpot(TM) 64-Bit Server VM"/>
    <property name="localRepository" value="/home/robothg/.m2/repository"/>
    <property name="java.vendor.url.bug" value="https://bugreport.java.com/bugreport/"/>
    <property name="java.io.tmpdir" value="/tmp"/>
    <property name="idea.version" value="2024.1.4"/>
    <property name="java.version" value="22.0.2"/>
    <property name="user.dir" value="/home/robothg/Desktop/project_/project_Java/hello_java/welcome_java"/>
    <property name="os.arch" value="amd64"/>
    <property name="java.vm.specification.name" value="Java Virtual Machine Specification"/>
    <property name="native.encoding" value="UTF-8"/>
    <property name="java.library.path" value="/usr/java/packages/lib:/usr/lib64:/lib64:/lib:/usr/lib"/>
    <property name="java.vm.info" value="mixed mode, sharing"/>
    <property name="stderr.encoding" value="UTF-8"/>
    <property name="java.vendor" value="Oracle Corporation"/>
    <property name="java.vm.version" value="22.0.2+9-70"/>
    <property name="sun.io.unicode.encoding" value="UnicodeLittle"/>
    <property name="java.class.version" value="66.0"/>
  </properties>
  <testcase name="multiThread" classname="runnable_connection.TestRunnableCollection" time="0.012">
    <system-out><![CDATA[We are building the house
]]></system-out>
  </testcase>
</testsuite>